unity/builds/android/unityLibrary/build/intermediates/manifest_merge_blame_file/debug/processDebugManifest/manifest-merger-blame-debug-report.txt
1<?xml version="1.0" encoding="utf-8"?>
2<manifest xmlns:android="http://schemas.android.com/apk/res/android"
3    xmlns:tools="http://schemas.android.com/tools"
4    package="com.unity3d.player" >
5
6    <uses-sdk android:minSdkVersion="23" />
7
8    <uses-permission android:name="android.permission.INTERNET" />
8-->src/main/AndroidManifest.xml:3:3-65
8-->src/main/AndroidManifest.xml:3:20-62
9
10    <uses-feature android:glEsVersion="0x00030000" />
10-->src/main/AndroidManifest.xml:4:3-52
10-->src/main/AndroidManifest.xml:4:17-49
11    <uses-feature
11-->src/main/AndroidManifest.xml:5:3-91
12        android:name="android.hardware.vulkan.version"
12-->src/main/AndroidManifest.xml:5:17-63
13        android:required="false" />
13-->src/main/AndroidManifest.xml:5:64-88
14    <uses-feature
14-->src/main/AndroidManifest.xml:6:3-88
15        android:name="android.hardware.touchscreen"
15-->src/main/AndroidManifest.xml:6:17-60
16        android:required="false" />
16-->src/main/AndroidManifest.xml:6:61-85
17    <uses-feature
17-->src/main/AndroidManifest.xml:7:3-99
18        android:name="android.hardware.touchscreen.multitouch"
18-->src/main/AndroidManifest.xml:7:17-71
19        android:required="false" />
19-->src/main/AndroidManifest.xml:7:72-96
20    <uses-feature
20-->src/main/AndroidManifest.xml:8:3-108
21        android:name="android.hardware.touchscreen.multitouch.distinct"
21-->src/main/AndroidManifest.xml:8:17-80
22        android:required="false" />
22-->src/main/AndroidManifest.xml:8:81-105
23
24    <application
24-->src/main/AndroidManifest.xml:9:3-32:17
25        android:appCategory="game"
25-->src/main/AndroidManifest.xml:9:16-42
26        android:enableOnBackInvokedCallback="true"
26-->src/main/AndroidManifest.xml:9:43-85
27        android:extractNativeLibs="true" >
27-->src/main/AndroidManifest.xml:9:86-118
28        <meta-data
28-->src/main/AndroidManifest.xml:10:5-69
29            android:name="unity.splash-mode"
29-->src/main/AndroidManifest.xml:10:16-48
30            android:value="0" />
30-->src/main/AndroidManifest.xml:10:49-66
31        <meta-data
31-->src/main/AndroidManifest.xml:11:5-74
32            android:name="unity.splash-enable"
32-->src/main/AndroidManifest.xml:11:16-50
33            android:value="True" />
33-->src/main/AndroidManifest.xml:11:51-71
34        <meta-data
34-->src/main/AndroidManifest.xml:12:5-78
35            android:name="unity.launch-fullscreen"
35-->src/main/AndroidManifest.xml:12:16-54
36            android:value="True" />
36-->src/main/AndroidManifest.xml:12:55-75
37        <meta-data
37-->src/main/AndroidManifest.xml:13:5-84
38            android:name="unity.render-outside-safearea"
38-->src/main/AndroidManifest.xml:13:16-60
39            android:value="True" />
39-->src/main/AndroidManifest.xml:13:61-81
40        <meta-data
40-->src/main/AndroidManifest.xml:14:5-81
41            android:name="notch.config"
41-->src/main/AndroidManifest.xml:14:16-43
42            android:value="portrait|landscape" />
42-->src/main/AndroidManifest.xml:14:44-78
43        <meta-data
43-->src/main/AndroidManifest.xml:15:5-84
44            android:name="unity.auto-report-fully-drawn"
44-->src/main/AndroidManifest.xml:15:16-60
45            android:value="true" />
45-->src/main/AndroidManifest.xml:15:61-81
46        <meta-data
46-->src/main/AndroidManifest.xml:16:5-78
47            android:name="unity.strip-engine-code"
47-->src/main/AndroidManifest.xml:16:16-54
48            android:value="true" />
48-->src/main/AndroidManifest.xml:16:55-75
49        <meta-data
49-->src/main/AndroidManifest.xml:17:5-80
50            android:name="unity.auto-set-game-state"
50-->src/main/AndroidManifest.xml:17:16-56
51            android:value="true" />
51-->src/main/AndroidManifest.xml:17:57-77
52
53        <activity
53-->src/main/AndroidManifest.xml:18:5-23:16
54            android:name="com.unity3d.player.UnityPlayerActivity"
54-->src/main/AndroidManifest.xml:18:313-366
55            android:configChanges="mcc|mnc|locale|touchscreen|keyboard|keyboardHidden|navigation|orientation|screenLayout|uiMode|screenSize|smallestScreenSize|fontScale|layoutDirection|density"
55-->src/main/AndroidManifest.xml:18:15-196
56            android:enabled="false"
56-->src/main/AndroidManifest.xml:18:197-220
57            android:exported="true"
57-->src/main/AndroidManifest.xml:18:221-244
58            android:hardwareAccelerated="false"
58-->src/main/AndroidManifest.xml:18:245-280
59            android:launchMode="singleTask"
59-->src/main/AndroidManifest.xml:18:281-312
60            android:resizeableActivity="true"
60-->src/main/AndroidManifest.xml:18:367-400
61            android:screenOrientation="fullUser"
61-->src/main/AndroidManifest.xml:18:401-437
62            android:theme="@style/UnityThemeSelector" >
62-->src/main/AndroidManifest.xml:18:438-479
63            <meta-data
63-->src/main/AndroidManifest.xml:19:7-82
64                android:name="unityplayer.UnityActivity"
64-->src/main/AndroidManifest.xml:19:18-58
65                android:value="true" />
65-->src/main/AndroidManifest.xml:19:59-79
66            <meta-data
66-->src/main/AndroidManifest.xml:20:7-130
67                android:name="WindowManagerPreference:FreeformWindowSize"
67-->src/main/AndroidManifest.xml:20:18-75
68                android:value="@string/FreeformWindowSize_maximize" />
68-->src/main/AndroidManifest.xml:20:76-127
69            <meta-data
69-->src/main/AndroidManifest.xml:21:7-145
70                android:name="WindowManagerPreference:FreeformWindowOrientation"
70-->src/main/AndroidManifest.xml:21:18-82
71                android:value="@string/FreeformWindowOrientation_landscape" />
71-->src/main/AndroidManifest.xml:21:83-142
72
73            <layout
73-->src/main/AndroidManifest.xml:22:7-68
74                android:minHeight="300px"
74-->src/main/AndroidManifest.xml:22:15-40
75                android:minWidth="400px" />
75-->src/main/AndroidManifest.xml:22:41-65
76        </activity>
77        <activity
77-->src/main/AndroidManifest.xml:24:5-31:16
78            android:name="com.unity3d.player.UnityPlayerGameActivity"
78-->src/main/AndroidManifest.xml:24:312-369
79            android:configChanges="mcc|mnc|locale|touchscreen|keyboard|keyboardHidden|navigation|orientation|screenLayout|uiMode|screenSize|smallestScreenSize|fontScale|layoutDirection|density"
79-->src/main/AndroidManifest.xml:24:15-196
80            android:enabled="true"
80-->src/main/AndroidManifest.xml:24:197-219
81            android:exported="true"
81-->src/main/AndroidManifest.xml:24:220-243
82            android:hardwareAccelerated="false"
82-->src/main/AndroidManifest.xml:24:244-279
83            android:launchMode="singleTask"
83-->src/main/AndroidManifest.xml:24:280-311
84            android:resizeableActivity="true"
84-->src/main/AndroidManifest.xml:24:370-403
85            android:screenOrientation="fullUser"
85-->src/main/AndroidManifest.xml:24:404-440
86            android:theme="@style/BaseUnityGameActivityTheme" >
86-->src/main/AndroidManifest.xml:24:441-490
87            <meta-data
87-->src/main/AndroidManifest.xml:19:7-82
88                android:name="unityplayer.UnityActivity"
88-->src/main/AndroidManifest.xml:19:18-58
89                android:value="true" />
89-->src/main/AndroidManifest.xml:19:59-79
90            <meta-data
90-->src/main/AndroidManifest.xml:26:7-77
91                android:name="android.app.lib_name"
91-->src/main/AndroidManifest.xml:26:18-53
92                android:value="game" />
92-->src/main/AndroidManifest.xml:26:54-74
93            <meta-data
93-->src/main/AndroidManifest.xml:20:7-130
94                android:name="WindowManagerPreference:FreeformWindowSize"
94-->src/main/AndroidManifest.xml:20:18-75
95                android:value="@string/FreeformWindowSize_maximize" />
95-->src/main/AndroidManifest.xml:20:76-127
96            <meta-data
96-->src/main/AndroidManifest.xml:21:7-145
97                android:name="WindowManagerPreference:FreeformWindowOrientation"
97-->src/main/AndroidManifest.xml:21:18-82
98                android:value="@string/FreeformWindowOrientation_landscape" />
98-->src/main/AndroidManifest.xml:21:83-142
99            <meta-data
99-->src/main/AndroidManifest.xml:29:7-70
100                android:name="notch_support"
100-->src/main/AndroidManifest.xml:29:18-46
101                android:value="true" />
101-->src/main/AndroidManifest.xml:29:47-67
102
103            <layout
103-->src/main/AndroidManifest.xml:22:7-68
104                android:minHeight="300px"
104-->src/main/AndroidManifest.xml:22:15-40
105                android:minWidth="400px" />
105-->src/main/AndroidManifest.xml:22:41-65
106        </activity>
107    </application>
108
109</manifest>